<?xml version="1.0" encoding="UTF-8"?>
<!-- Generated by org.testng.reporters.JUnitReportReporter -->
<testsuite hostname="MKondapur" name="com.training.app.AppTest" tests="1" failures="0" timestamp="26 Dec 2016 11:35:08 GMT" time="0.003" errors="0">
  <testcase name="testApp" time="0.003" classname="com.training.app.AppTest"/>
</testsuite> <!-- com.training.app.AppTest -->
